Determining if the pthread_create exist failed with the following output:
Change Dir: /home/adrien/parrot/Projet-Parrot-CIR3/build/CMakeFiles/CMakeTmp

Run Build Command:"/usr/bin/make" "cmTC_b59cf/fast"
/usr/bin/make -f CMakeFiles/cmTC_b59cf.dir/build.make CMakeFiles/cmTC_b59cf.dir/build
make[1] : on entre dans le répertoire « /home/adrien/parrot/Projet-Parrot-CIR3/build/CMakeFiles/CMakeTmp »
Building C object CMakeFiles/cmTC_b59cf.dir/CheckSymbolExists.c.o
/usr/bin/cc     -o CMakeFiles/cmTC_b59cf.dir/CheckSymbolExists.c.o   -c /home/adrien/parrot/Projet-Parrot-CIR3/build/CMakeFiles/CMakeTmp/CheckSymbolExists.c
Linking C executable cmTC_b59cf
/usr/bin/cmake -E cmake_link_script CMakeFiles/cmTC_b59cf.dir/link.txt --verbose=1
/usr/bin/cc       CMakeFiles/cmTC_b59cf.dir/CheckSymbolExists.c.o  -o cmTC_b59cf -rdynamic 
CMakeFiles/cmTC_b59cf.dir/CheckSymbolExists.c.o : Dans la fonction « main » :
CheckSymbolExists.c:(.text+0x1b) : référence indéfinie vers « pthread_create »
collect2: error: ld returned 1 exit status
CMakeFiles/cmTC_b59cf.dir/build.make:97 : la recette pour la cible « cmTC_b59cf » a échouée
make[1]: *** [cmTC_b59cf] Erreur 1
make[1] : on quitte le répertoire « /home/adrien/parrot/Projet-Parrot-CIR3/build/CMakeFiles/CMakeTmp »
Makefile:126 : la recette pour la cible « cmTC_b59cf/fast » a échouée
make: *** [cmTC_b59cf/fast] Erreur 2

File /home/adrien/parrot/Projet-Parrot-CIR3/build/CMakeFiles/CMakeTmp/CheckSymbolExists.c:
/* */
#include <pthread.h>

int main(int argc, char** argv)
{
  (void)argv;
#ifndef pthread_create
  return ((int*)(&pthread_create))[argc];
#else
  (void)argc;
  return 0;
#endif
}

Determining if the function pthread_create exists in the pthreads failed with the following output:
Change Dir: /home/adrien/parrot/Projet-Parrot-CIR3/build/CMakeFiles/CMakeTmp

Run Build Command:"/usr/bin/make" "cmTC_91599/fast"
/usr/bin/make -f CMakeFiles/cmTC_91599.dir/build.make CMakeFiles/cmTC_91599.dir/build
make[1] : on entre dans le répertoire « /home/adrien/parrot/Projet-Parrot-CIR3/build/CMakeFiles/CMakeTmp »
Building C object CMakeFiles/cmTC_91599.dir/CheckFunctionExists.c.o
/usr/bin/cc    -DCHECK_FUNCTION_EXISTS=pthread_create   -o CMakeFiles/cmTC_91599.dir/CheckFunctionExists.c.o   -c /usr/share/cmake-3.7/Modules/CheckFunctionExists.c
Linking C executable cmTC_91599
/usr/bin/cmake -E cmake_link_script CMakeFiles/cmTC_91599.dir/link.txt --verbose=1
/usr/bin/cc   -DCHECK_FUNCTION_EXISTS=pthread_create    CMakeFiles/cmTC_91599.dir/CheckFunctionExists.c.o  -o cmTC_91599 -rdynamic -lpthreads 
/usr/bin/ld : ne peut trouver -lpthreads
collect2: error: ld returned 1 exit status
CMakeFiles/cmTC_91599.dir/build.make:97 : la recette pour la cible « cmTC_91599 » a échouée
make[1]: *** [cmTC_91599] Erreur 1
make[1] : on quitte le répertoire « /home/adrien/parrot/Projet-Parrot-CIR3/build/CMakeFiles/CMakeTmp »
Makefile:126 : la recette pour la cible « cmTC_91599/fast » a échouée
make: *** [cmTC_91599/fast] Erreur 2


Determining if the Q_WS_WIN exist failed with the following output:
Change Dir: /home/adrien/parrot/Projet-Parrot-CIR3/build/CMakeFiles/CMakeTmp

Run Build Command:"/usr/bin/make" "cmTC_f997a/fast"
/usr/bin/make -f CMakeFiles/cmTC_f997a.dir/build.make CMakeFiles/cmTC_f997a.dir/build
make[1] : on entre dans le répertoire « /home/adrien/parrot/Projet-Parrot-CIR3/build/CMakeFiles/CMakeTmp »
Building CXX object CMakeFiles/cmTC_f997a.dir/CheckSymbolExists.cxx.o
/usr/bin/c++    -I/usr/include/qt4  -std=c++11 -Wall -Wextra    -o CMakeFiles/cmTC_f997a.dir/CheckSymbolExists.cxx.o -c /home/adrien/parrot/Projet-Parrot-CIR3/build/CMakeFiles/CMakeTmp/CheckSymbolExists.cxx
/home/adrien/parrot/Projet-Parrot-CIR3/build/CMakeFiles/CMakeTmp/CheckSymbolExists.cxx: In function ‘int main(int, char**)’:
/home/adrien/parrot/Projet-Parrot-CIR3/build/CMakeFiles/CMakeTmp/CheckSymbolExists.cxx:8:19: error: ‘Q_WS_WIN’ was not declared in this scope
   return ((int*)(&Q_WS_WIN))[argc];
                   ^~~~~~~~
CMakeFiles/cmTC_f997a.dir/build.make:65 : la recette pour la cible « CMakeFiles/cmTC_f997a.dir/CheckSymbolExists.cxx.o » a échouée
make[1]: *** [CMakeFiles/cmTC_f997a.dir/CheckSymbolExists.cxx.o] Erreur 1
make[1] : on quitte le répertoire « /home/adrien/parrot/Projet-Parrot-CIR3/build/CMakeFiles/CMakeTmp »
Makefile:126 : la recette pour la cible « cmTC_f997a/fast » a échouée
make: *** [cmTC_f997a/fast] Erreur 2

File /home/adrien/parrot/Projet-Parrot-CIR3/build/CMakeFiles/CMakeTmp/CheckSymbolExists.cxx:
/* */
#include <QtCore/qglobal.h>

int main(int argc, char** argv)
{
  (void)argv;
#ifndef Q_WS_WIN
  return ((int*)(&Q_WS_WIN))[argc];
#else
  (void)argc;
  return 0;
#endif
}

Determining if the Q_WS_QWS exist failed with the following output:
Change Dir: /home/adrien/parrot/Projet-Parrot-CIR3/build/CMakeFiles/CMakeTmp

Run Build Command:"/usr/bin/make" "cmTC_c9399/fast"
/usr/bin/make -f CMakeFiles/cmTC_c9399.dir/build.make CMakeFiles/cmTC_c9399.dir/build
make[1] : on entre dans le répertoire « /home/adrien/parrot/Projet-Parrot-CIR3/build/CMakeFiles/CMakeTmp »
Building CXX object CMakeFiles/cmTC_c9399.dir/CheckSymbolExists.cxx.o
/usr/bin/c++    -I/usr/include/qt4  -std=c++11 -Wall -Wextra    -o CMakeFiles/cmTC_c9399.dir/CheckSymbolExists.cxx.o -c /home/adrien/parrot/Projet-Parrot-CIR3/build/CMakeFiles/CMakeTmp/CheckSymbolExists.cxx
/home/adrien/parrot/Projet-Parrot-CIR3/build/CMakeFiles/CMakeTmp/CheckSymbolExists.cxx: In function ‘int main(int, char**)’:
/home/adrien/parrot/Projet-Parrot-CIR3/build/CMakeFiles/CMakeTmp/CheckSymbolExists.cxx:8:19: error: ‘Q_WS_QWS’ was not declared in this scope
   return ((int*)(&Q_WS_QWS))[argc];
                   ^~~~~~~~
CMakeFiles/cmTC_c9399.dir/build.make:65 : la recette pour la cible « CMakeFiles/cmTC_c9399.dir/CheckSymbolExists.cxx.o » a échouée
make[1]: *** [CMakeFiles/cmTC_c9399.dir/CheckSymbolExists.cxx.o] Erreur 1
make[1] : on quitte le répertoire « /home/adrien/parrot/Projet-Parrot-CIR3/build/CMakeFiles/CMakeTmp »
Makefile:126 : la recette pour la cible « cmTC_c9399/fast » a échouée
make: *** [cmTC_c9399/fast] Erreur 2

File /home/adrien/parrot/Projet-Parrot-CIR3/build/CMakeFiles/CMakeTmp/CheckSymbolExists.cxx:
/* */
#include <QtCore/qglobal.h>

int main(int argc, char** argv)
{
  (void)argv;
#ifndef Q_WS_QWS
  return ((int*)(&Q_WS_QWS))[argc];
#else
  (void)argc;
  return 0;
#endif
}

Determining if the Q_WS_MAC exist failed with the following output:
Change Dir: /home/adrien/parrot/Projet-Parrot-CIR3/build/CMakeFiles/CMakeTmp

Run Build Command:"/usr/bin/make" "cmTC_c18b7/fast"
/usr/bin/make -f CMakeFiles/cmTC_c18b7.dir/build.make CMakeFiles/cmTC_c18b7.dir/build
make[1] : on entre dans le répertoire « /home/adrien/parrot/Projet-Parrot-CIR3/build/CMakeFiles/CMakeTmp »
Building CXX object CMakeFiles/cmTC_c18b7.dir/CheckSymbolExists.cxx.o
/usr/bin/c++    -I/usr/include/qt4  -std=c++11 -Wall -Wextra    -o CMakeFiles/cmTC_c18b7.dir/CheckSymbolExists.cxx.o -c /home/adrien/parrot/Projet-Parrot-CIR3/build/CMakeFiles/CMakeTmp/CheckSymbolExists.cxx
/home/adrien/parrot/Projet-Parrot-CIR3/build/CMakeFiles/CMakeTmp/CheckSymbolExists.cxx: In function ‘int main(int, char**)’:
/home/adrien/parrot/Projet-Parrot-CIR3/build/CMakeFiles/CMakeTmp/CheckSymbolExists.cxx:8:19: error: ‘Q_WS_MAC’ was not declared in this scope
   return ((int*)(&Q_WS_MAC))[argc];
                   ^~~~~~~~
CMakeFiles/cmTC_c18b7.dir/build.make:65 : la recette pour la cible « CMakeFiles/cmTC_c18b7.dir/CheckSymbolExists.cxx.o » a échouée
make[1]: *** [CMakeFiles/cmTC_c18b7.dir/CheckSymbolExists.cxx.o] Erreur 1
make[1] : on quitte le répertoire « /home/adrien/parrot/Projet-Parrot-CIR3/build/CMakeFiles/CMakeTmp »
Makefile:126 : la recette pour la cible « cmTC_c18b7/fast » a échouée
make: *** [cmTC_c18b7/fast] Erreur 2

File /home/adrien/parrot/Projet-Parrot-CIR3/build/CMakeFiles/CMakeTmp/CheckSymbolExists.cxx:
/* */
#include <QtCore/qglobal.h>

int main(int argc, char** argv)
{
  (void)argv;
#ifndef Q_WS_MAC
  return ((int*)(&Q_WS_MAC))[argc];
#else
  (void)argc;
  return 0;
#endif
}

